# JRE version: Java(TM) SE Runtime Environment (21.0.1+12) (build 21.0.1+12-LTS-29)
# Java VM: Java HotSpot(TM) 64-Bit Server VM (21.0.1+12-LTS-29, mixed mode, emulated-client, sharing, tiered, compressed oops, compressed class ptrs, g1 gc, windows-amd64)
GC Precious Log:
 CardTable entry size: 512
 Card Set container configuration: InlinePtr #cards 5 size 8 Array Of Cards #cards 12 size 40 Howl #buckets 4 coarsen threshold 1843 Howl Bitmap #cards 512 size 80 coarsen threshold 460 Card regions per heap region 1 cards per card region 2048
 CPUs: 8 total, 8 available
 Memory: 8035M
 Large Page Support: Disabled
 NUMA Support: Disabled
 Compressed Oops: Enabled (32-bit)
 Heap Region Size: 1M
 Heap Min Capacity: 8M
 Heap Initial Capacity: 126M
 Heap Max Capacity: 2010M
 Pre-touch: Disabled
 Parallel Workers: 8
 Concurrent Workers: 2
 Concurrent Refinement Workers: 8
 Periodic GC: Disabled
Heap:
 garbage-first heap   total 164864K, used 112040K [0x0000000082600000, 0x0000000100000000)
  region size 1024K, 50 young (51200K), 10 survivors (10240K)
 Metaspace       used 21788K, committed 22720K, reserved 1114112K
  class space    used 3145K, committed 3584K, reserved 1048576K
GC Heap History (18 events):
Event: 2.947 GC heap before
{Heap before GC invocations=0 (full 0):
 garbage-first heap   total 129024K, used 22528K [0x0000000082600000, 0x0000000100000000)
  region size 1024K, 23 young (23552K), 0 survivors (0K)
 Metaspace       used 3495K, committed 3712K, reserved 1114112K
  class space    used 403K, committed 512K, reserved 1048576K
}
Event: 2.964 GC heap after
{Heap after GC invocations=1 (full 0):
 garbage-first heap   total 129024K, used 10751K [0x0000000082600000, 0x0000000100000000)
  region size 1024K, 3 young (3072K), 3 survivors (3072K)
 Metaspace       used 3495K, committed 3712K, reserved 1114112K
  class space    used 403K, committed 512K, reserved 1048576K
}
Event: 4.062 GC heap before
{Heap before GC invocations=1 (full 0):
 garbage-first heap   total 129024K, used 34303K [0x0000000082600000, 0x0000000100000000)
  region size 1024K, 25 young (25600K), 3 survivors (3072K)
 Metaspace       used 3720K, committed 4032K, reserved 1114112K
  class space    used 446K, committed 640K, reserved 1048576K
}
Event: 4.085 GC heap after
{Heap after GC invocations=2 (full 0):
 garbage-first heap   total 129024K, used 24064K [0x0000000082600000, 0x0000000100000000)
  region size 1024K, 4 young (4096K), 4 survivors (4096K)
 Metaspace       used 3720K, committed 4032K, reserved 1114112K
  class space    used 446K, committed 640K, reserved 1048576K
}
Event: 4.400 GC heap before
{Heap before GC invocations=2 (full 0):
 garbage-first heap   total 129024K, used 48640K [0x0000000082600000, 0x0000000100000000)
  region size 1024K, 28 young (28672K), 4 survivors (4096K)
 Metaspace       used 3720K, committed 4032K, reserved 1114112K
  class space    used 446K, committed 640K, reserved 1048576K
}
Event: 4.422 GC heap after
{Heap after GC invocations=3 (full 0):
 garbage-first heap   total 129024K, used 31232K [0x0000000082600000, 0x0000000100000000)
  region size 1024K, 4 young (4096K), 4 survivors (4096K)
 Metaspace       used 3720K, committed 4032K, reserved 1114112K
  class space    used 446K, committed 640K, reserved 1048576K
}
Event: 5.474 GC heap before
{Heap before GC invocations=3 (full 0):
 garbage-first heap   total 129024K, used 81408K [0x0000000082600000, 0x0000000100000000)
  region size 1024K, 52 young (53248K), 4 survivors (4096K)
 Metaspace       used 7010K, committed 7360K, reserved 1114112K
  class space    used 903K, committed 1088K, reserved 1048576K
}
Event: 5.503 GC heap after
{Heap after GC invocations=4 (full 0):
 garbage-first heap   total 129024K, used 45009K [0x0000000082600000, 0x0000000100000000)
  region size 1024K, 7 young (7168K), 7 survivors (7168K)
 Metaspace       used 7010K, committed 7360K, reserved 1114112K
  class space    used 903K, committed 1088K, reserved 1048576K
}
Event: 6.178 GC heap before
{Heap before GC invocations=4 (full 0):
 garbage-first heap   total 129024K, used 61393K [0x0000000082600000, 0x0000000100000000)
  region size 1024K, 25 young (25600K), 7 survivors (7168K)
 Metaspace       used 8694K, committed 9088K, reserved 1114112K
  class space    used 1150K, committed 1344K, reserved 1048576K
}
Event: 6.195 GC heap after
{Heap after GC invocations=5 (full 0):
 garbage-first heap   total 129024K, used 47443K [0x0000000082600000, 0x0000000100000000)
  region size 1024K, 2 young (2048K), 2 survivors (2048K)
 Metaspace       used 8694K, committed 9088K, reserved 1114112K
  class space    used 1150K, committed 1344K, reserved 1048576K
}
Event: 8.008 GC heap before
{Heap before GC invocations=6 (full 0):
 garbage-first heap   total 129024K, used 91475K [0x0000000082600000, 0x0000000100000000)
  region size 1024K, 45 young (46080K), 2 survivors (2048K)
 Metaspace       used 13917K, committed 14272K, reserved 1114112K
  class space    used 1812K, committed 1984K, reserved 1048576K
}
Event: 8.015 GC heap after
{Heap after GC invocations=7 (full 0):
 garbage-first heap   total 129024K, used 49431K [0x0000000082600000, 0x0000000100000000)
  region size 1024K, 4 young (4096K), 4 survivors (4096K)
 Metaspace       used 13917K, committed 14272K, reserved 1114112K
  class space    used 1812K, committed 1984K, reserved 1048576K
}
Event: 8.670 GC heap before
{Heap before GC invocations=7 (full 0):
 garbage-first heap   total 129024K, used 97559K [0x0000000082600000, 0x0000000100000000)
  region size 1024K, 52 young (53248K), 4 survivors (4096K)
 Metaspace       used 18481K, committed 19264K, reserved 1114112K
  class space    used 2629K, committed 3008K, reserved 1048576K
}
Event: 8.680 GC heap after
{Heap after GC invocations=8 (full 0):
 garbage-first heap   total 129024K, used 53829K [0x0000000082600000, 0x0000000100000000)
  region size 1024K, 7 young (7168K), 7 survivors (7168K)
 Metaspace       used 18481K, committed 19264K, reserved 1114112K
  class space    used 2629K, committed 3008K, reserved 1048576K
}
Event: 8.950 GC heap before
{Heap before GC invocations=8 (full 0):
 garbage-first heap   total 129024K, used 88645K [0x0000000082600000, 0x0000000100000000)
  region size 1024K, 43 young (44032K), 7 survivors (7168K)
 Metaspace       used 20567K, committed 21504K, reserved 1114112K
  class space    used 2960K, committed 3392K, reserved 1048576K
}
Event: 8.965 GC heap after
{Heap after GC invocations=9 (full 0):
 garbage-first heap   total 164864K, used 61191K [0x0000000082600000, 0x0000000100000000)
  region size 1024K, 7 young (7168K), 7 survivors (7168K)
 Metaspace       used 20567K, committed 21504K, reserved 1114112K
  class space    used 2960K, committed 3392K, reserved 1048576K
}
Event: 10.956 GC heap before
{Heap before GC invocations=10 (full 0):
 garbage-first heap   total 164864K, used 128775K [0x0000000082600000, 0x0000000100000000)
  region size 1024K, 76 young (77824K), 7 survivors (7168K)
 Metaspace       used 21784K, committed 22720K, reserved 1114112K
  class space    used 3144K, committed 3584K, reserved 1048576K
}
Event: 10.976 GC heap after
{Heap after GC invocations=11 (full 0):
 garbage-first heap   total 164864K, used 72104K [0x0000000082600000, 0x0000000100000000)
  region size 1024K, 10 young (10240K), 10 survivors (10240K)
 Metaspace       used 21784K, committed 22720K, reserved 1114112K
  class space    used 3144K, committed 3584K, reserved 1048576K
}

